ca65 V2.13.3 - (C) Copyright 1998-2012 Ullrich von Bassewitz
Main file   : drivers/a2_mouse_drv.s
Current file: drivers/a2_mouse_drv.s

000000r 1               ;
000000r 1               ; File generated by co65 v 2.13.3 using model `cc65-module'
000000r 1               ;
000000r 1               .fopt		compiler,"co65 v 2.13.3"
000000r 1               .case		on
000000r 1               .debuginfo	off
000000r 1               .export		_a2_mouse_drv
000000r 1               
000000r 1               ;
000000r 1               ; CODE SEGMENT
000000r 1               ;
000000r 1               .segment	"CODE"
000000r 1               _a2_mouse_drv:
000000r 1  6D           	.byte	$6D
000001r 1  6F           	.byte	$6F
000002r 1  75           	.byte	$75
000003r 1  02           	.byte	$02
000004r 1  rr rr        	.word	_a2_mouse_drv+41
000006r 1  rr rr        	.word	_a2_mouse_drv+170
000008r 1  rr rr        	.word	_a2_mouse_drv+286
00000Ar 1  rr rr        	.word	_a2_mouse_drv+295
00000Cr 1  rr rr        	.word	_a2_mouse_drv+180
00000Er 1  rr rr        	.word	_a2_mouse_drv+238
000010r 1  rr rr        	.word	_a2_mouse_drv+253
000012r 1  rr rr        	.word	_a2_mouse_drv+299
000014r 1  rr rr        	.word	_a2_mouse_drv+305
000016r 1  rr rr        	.word	_a2_mouse_drv+309
000018r 1  rr rr        	.word	_a2_mouse_drv+322
00001Ar 1  rr rr        	.word	_a2_mouse_drv+327
00001Cr 1  40           	.byte	$40
00001Dr 1  4C           	.byte	$4C
00001Er 1  00           	.byte	$00
00001Fr 1  00           	.byte	$00
000020r 1  4C           	.byte	$4C
000021r 1  00           	.byte	$00
000022r 1  00           	.byte	$00
000023r 1  4C           	.byte	$4C
000024r 1  00           	.byte	$00
000025r 1  00           	.byte	$00
000026r 1  4C           	.byte	$4C
000027r 1  00           	.byte	$00
000028r 1  00           	.byte	$00
000029r 1  A9           	.byte	$A9
00002Ar 1  00           	.byte	$00
00002Br 1  85           	.byte	$85
00002Cr 1  rr           	.byte	<(ZEROPAGE+8)
00002Dr 1  A9           	.byte	$A9
00002Er 1  C0           	.byte	$C0
00002Fr 1  85           	.byte	$85
000030r 1  rr           	.byte	<(ZEROPAGE+9)
000031r 1  E6           	.byte	$E6
000032r 1  rr           	.byte	<(ZEROPAGE+9)
000033r 1  A5           	.byte	$A5
000034r 1  rr           	.byte	<(ZEROPAGE+9)
000035r 1  C9           	.byte	$C9
000036r 1  C8           	.byte	$C8
000037r 1  90           	.byte	$90
000038r 1  05           	.byte	$05
000039r 1  A9           	.byte	$A9
00003Ar 1  04           	.byte	$04
00003Br 1  A2           	.byte	$A2
00003Cr 1  00           	.byte	$00
00003Dr 1  60           	.byte	$60
00003Er 1  A2           	.byte	$A2
00003Fr 1  03           	.byte	$03
000040r 1  BC           	.byte	$BC
000041r 1  rr rr        	.word	_a2_mouse_drv+421
000043r 1  BD           	.byte	$BD
000044r 1  rr rr        	.word	_a2_mouse_drv+425
000046r 1  D1           	.byte	$D1
000047r 1  rr           	.byte	<(ZEROPAGE+8)
000048r 1  D0           	.byte	$D0
000049r 1  E7           	.byte	$E7
00004Ar 1  CA           	.byte	$CA
00004Br 1  10           	.byte	$10
00004Cr 1  F3           	.byte	$F3
00004Dr 1  A5           	.byte	$A5
00004Er 1  rr           	.byte	<(ZEROPAGE+9)
00004Fr 1  8D           	.byte	$8D
000050r 1  rr rr        	.word	DATA+2
000052r 1  8D           	.byte	$8D
000053r 1  rr rr        	.word	DATA+7
000055r 1  8D           	.byte	$8D
000056r 1  rr rr        	.word	DATA+12
000058r 1  78           	.byte	$78
000059r 1  29           	.byte	$29
00005Ar 1  0F           	.byte	$0F
00005Br 1  8D           	.byte	$8D
00005Cr 1  rr rr        	.word	BSS+13
00005Er 1  0A           	.byte	$0A
00005Fr 1  0A           	.byte	$0A
000060r 1  0A           	.byte	$0A
000061r 1  0A           	.byte	$0A
000062r 1  8D           	.byte	$8D
000063r 1  rr rr        	.word	DATA+9
000065r 1  2C           	.byte	$2C
000066r 1  82           	.byte	$82
000067r 1  C0           	.byte	$C0
000068r 1  A2           	.byte	$A2
000069r 1  19           	.byte	$19
00006Ar 1  20           	.byte	$20
00006Br 1  rr rr        	.word	DATA+0
00006Dr 1  2C           	.byte	$2C
00006Er 1  80           	.byte	$80
00006Fr 1  C0           	.byte	$C0
000070r 1  A9           	.byte	$A9
000071r 1  01           	.byte	$01
000072r 1  A2           	.byte	$A2
000073r 1  12           	.byte	$12
000074r 1  20           	.byte	$20
000075r 1  rr rr        	.word	DATA+0
000077r 1  A9           	.byte	$A9
000078r 1  rr           	.byte	<(_a2_mouse_drv+173)
000079r 1  A2           	.byte	$A2
00007Ar 1  rr           	.byte	>(_a2_mouse_drv+429)
00007Br 1  20           	.byte	$20
00007Cr 1  rr rr        	.word	_a2_mouse_drv+180
00007Er 1  AE           	.byte	$AE
00007Fr 1  rr rr        	.word	BSS+13
000081r 1  A9           	.byte	$A9
000082r 1  8B           	.byte	$8B
000083r 1  9D           	.byte	$9D
000084r 1  78           	.byte	$78
000085r 1  04           	.byte	$04
000086r 1  A9           	.byte	$A9
000087r 1  00           	.byte	$00
000088r 1  9D           	.byte	$9D
000089r 1  78           	.byte	$78
00008Ar 1  05           	.byte	$05
00008Br 1  A9           	.byte	$A9
00008Cr 1  5F           	.byte	$5F
00008Dr 1  9D           	.byte	$9D
00008Er 1  F8           	.byte	$F8
00008Fr 1  04           	.byte	$04
000090r 1  A9           	.byte	$A9
000091r 1  00           	.byte	$00
000092r 1  9D           	.byte	$9D
000093r 1  F8           	.byte	$F8
000094r 1  05           	.byte	$05
000095r 1  A2           	.byte	$A2
000096r 1  16           	.byte	$16
000097r 1  20           	.byte	$20
000098r 1  rr rr        	.word	DATA+0
00009Ar 1  20           	.byte	$20
00009Br 1  rr rr        	.word	_a2_mouse_drv+372
00009Dr 1  A9           	.byte	$A9
00009Er 1  09           	.byte	$09
00009Fr 1  A2           	.byte	$A2
0000A0r 1  12           	.byte	$12
0000A1r 1  20           	.byte	$20
0000A2r 1  rr rr        	.word	DATA+0
0000A4r 1  58           	.byte	$58
0000A5r 1  A9           	.byte	$A9
0000A6r 1  00           	.byte	$00
0000A7r 1  A2           	.byte	$A2
0000A8r 1  00           	.byte	$00
0000A9r 1  60           	.byte	$60
0000AAr 1  78           	.byte	$78
0000ABr 1  20           	.byte	$20
0000ACr 1  rr rr        	.word	_a2_mouse_drv+29
0000AEr 1  A9           	.byte	$A9
0000AFr 1  00           	.byte	$00
0000B0r 1  A2           	.byte	$A2
0000B1r 1  12           	.byte	$12
0000B2r 1  D0           	.byte	$D0
0000B3r 1  ED           	.byte	$ED
0000B4r 1  85           	.byte	$85
0000B5r 1  rr           	.byte	<(ZEROPAGE+8)
0000B6r 1  86           	.byte	$86
0000B7r 1  rr           	.byte	<(ZEROPAGE+9)
0000B8r 1  A2           	.byte	$A2
0000B9r 1  00           	.byte	$00
0000BAr 1  A0           	.byte	$A0
0000BBr 1  00           	.byte	$00
0000BCr 1  20           	.byte	$20
0000BDr 1  rr rr        	.word	_a2_mouse_drv+195
0000BFr 1  A2           	.byte	$A2
0000C0r 1  01           	.byte	$01
0000C1r 1  A0           	.byte	$A0
0000C2r 1  02           	.byte	$02
0000C3r 1  78           	.byte	$78
0000C4r 1  B1           	.byte	$B1
0000C5r 1  rr           	.byte	<(ZEROPAGE+8)
0000C6r 1  99           	.byte	$99
0000C7r 1  rr rr        	.word	BSS+0
0000C9r 1  8D           	.byte	$8D
0000CAr 1  78           	.byte	$78
0000CBr 1  04           	.byte	$04
0000CCr 1  C8           	.byte	$C8
0000CDr 1  B1           	.byte	$B1
0000CEr 1  rr           	.byte	<(ZEROPAGE+8)
0000CFr 1  99           	.byte	$99
0000D0r 1  rr rr        	.word	BSS+0
0000D2r 1  8D           	.byte	$8D
0000D3r 1  78           	.byte	$78
0000D4r 1  05           	.byte	$05
0000D5r 1  C8           	.byte	$C8
0000D6r 1  C8           	.byte	$C8
0000D7r 1  C8           	.byte	$C8
0000D8r 1  B1           	.byte	$B1
0000D9r 1  rr           	.byte	<(ZEROPAGE+8)
0000DAr 1  99           	.byte	$99
0000DBr 1  rr rr        	.word	BSS+0
0000DDr 1  8D           	.byte	$8D
0000DEr 1  F8           	.byte	$F8
0000DFr 1  04           	.byte	$04
0000E0r 1  C8           	.byte	$C8
0000E1r 1  B1           	.byte	$B1
0000E2r 1  rr           	.byte	<(ZEROPAGE+8)
0000E3r 1  99           	.byte	$99
0000E4r 1  rr rr        	.word	BSS+0
0000E6r 1  8D           	.byte	$8D
0000E7r 1  F8           	.byte	$F8
0000E8r 1  05           	.byte	$05
0000E9r 1  8A           	.byte	$8A
0000EAr 1  A2           	.byte	$A2
0000EBr 1  17           	.byte	$17
0000ECr 1  D0           	.byte	$D0
0000EDr 1  B3           	.byte	$B3
0000EEr 1  85           	.byte	$85
0000EFr 1  rr           	.byte	<(ZEROPAGE+8)
0000F0r 1  86           	.byte	$86
0000F1r 1  rr           	.byte	<(ZEROPAGE+9)
0000F2r 1  A0           	.byte	$A0
0000F3r 1  07           	.byte	$07
0000F4r 1  B9           	.byte	$B9
0000F5r 1  rr rr        	.word	BSS+0
0000F7r 1  91           	.byte	$91
0000F8r 1  rr           	.byte	<(ZEROPAGE+8)
0000F9r 1  88           	.byte	$88
0000FAr 1  10           	.byte	$10
0000FBr 1  F8           	.byte	$F8
0000FCr 1  60           	.byte	$60
0000FDr 1  AC           	.byte	$AC
0000FEr 1  rr rr        	.word	BSS+13
000100r 1  78           	.byte	$78
000101r 1  99           	.byte	$99
000102r 1  F8           	.byte	$F8
000103r 1  04           	.byte	$04
000104r 1  8A           	.byte	$8A
000105r 1  99           	.byte	$99
000106r 1  F8           	.byte	$F8
000107r 1  05           	.byte	$05
000108r 1  98           	.byte	$98
000109r 1  AA           	.byte	$AA
00010Ar 1  A0           	.byte	$A0
00010Br 1  00           	.byte	$00
00010Cr 1  B1           	.byte	$B1
00010Dr 1  rr           	.byte	<(ZEROPAGE+0)
00010Er 1  C8           	.byte	$C8
00010Fr 1  9D           	.byte	$9D
000110r 1  78           	.byte	$78
000111r 1  04           	.byte	$04
000112r 1  B1           	.byte	$B1
000113r 1  rr           	.byte	<(ZEROPAGE+0)
000114r 1  9D           	.byte	$9D
000115r 1  78           	.byte	$78
000116r 1  05           	.byte	$05
000117r 1  20           	.byte	$20
000118r 1  rr rr        	.word	_a2_mouse_drv+372
00011Ar 1  A2           	.byte	$A2
00011Br 1  16           	.byte	$16
00011Cr 1  D0           	.byte	$D0
00011Dr 1  83           	.byte	$83
00011Er 1  CE           	.byte	$CE
00011Fr 1  rr rr        	.word	BSS+14
000121r 1  78           	.byte	$78
000122r 1  20           	.byte	$20
000123r 1  rr rr        	.word	_a2_mouse_drv+29
000125r 1  58           	.byte	$58
000126r 1  60           	.byte	$60
000127r 1  EE           	.byte	$EE
000128r 1  rr rr        	.word	BSS+14
00012Ar 1  60           	.byte	$60
00012Br 1  AD           	.byte	$AD
00012Cr 1  rr rr        	.word	BSS+12
00012Er 1  A2           	.byte	$A2
00012Fr 1  00           	.byte	$00
000130r 1  60           	.byte	$60
000131r 1  A0           	.byte	$A0
000132r 1  03           	.byte	$03
000133r 1  D0           	.byte	$D0
000134r 1  02           	.byte	$02
000135r 1  A0           	.byte	$A0
000136r 1  04           	.byte	$04
000137r 1  78           	.byte	$78
000138r 1  B9           	.byte	$B9
000139r 1  rr rr        	.word	BSS+8
00013Br 1  91           	.byte	$91
00013Cr 1  rr           	.byte	<(ZEROPAGE+8)
00013Dr 1  88           	.byte	$88
00013Er 1  10           	.byte	$10
00013Fr 1  F8           	.byte	$F8
000140r 1  58           	.byte	$58
000141r 1  60           	.byte	$60
000142r 1  A9           	.byte	$A9
000143r 1  05           	.byte	$05
000144r 1  A2           	.byte	$A2
000145r 1  00           	.byte	$00
000146r 1  60           	.byte	$60
000147r 1  AD           	.byte	$AD
000148r 1  rr rr        	.word	BSS+13
00014Ar 1  F0           	.byte	$F0
00014Br 1  08           	.byte	$08
00014Cr 1  A2           	.byte	$A2
00014Dr 1  13           	.byte	$13
00014Er 1  20           	.byte	$20
00014Fr 1  rr rr        	.word	DATA+0
000151r 1  90           	.byte	$90
000152r 1  02           	.byte	$02
000153r 1  18           	.byte	$18
000154r 1  60           	.byte	$60
000155r 1  A2           	.byte	$A2
000156r 1  14           	.byte	$14
000157r 1  20           	.byte	$20
000158r 1  rr rr        	.word	DATA+0
00015Ar 1  AC           	.byte	$AC
00015Br 1  rr rr        	.word	BSS+13
00015Dr 1  B9           	.byte	$B9
00015Er 1  78           	.byte	$78
00015Fr 1  07           	.byte	$07
000160r 1  AA           	.byte	$AA
000161r 1  0A           	.byte	$0A
000162r 1  29           	.byte	$29
000163r 1  20           	.byte	$20
000164r 1  F0           	.byte	$F0
000165r 1  02           	.byte	$02
000166r 1  A9           	.byte	$A9
000167r 1  01           	.byte	$01
000168r 1  90           	.byte	$90
000169r 1  02           	.byte	$02
00016Ar 1  09           	.byte	$09
00016Br 1  10           	.byte	$10
00016Cr 1  8D           	.byte	$8D
00016Dr 1  rr rr        	.word	BSS+12
00016Fr 1  8A           	.byte	$8A
000170r 1  29           	.byte	$29
000171r 1  20           	.byte	$20
000172r 1  F0           	.byte	$F0
000173r 1  27           	.byte	$27
000174r 1  20           	.byte	$20
000175r 1  rr rr        	.word	_a2_mouse_drv+29
000177r 1  AC           	.byte	$AC
000178r 1  rr rr        	.word	BSS+13
00017Ar 1  B9           	.byte	$B9
00017Br 1  78           	.byte	$78
00017Cr 1  04           	.byte	$04
00017Dr 1  BE           	.byte	$BE
00017Er 1  78           	.byte	$78
00017Fr 1  05           	.byte	$05
000180r 1  8D           	.byte	$8D
000181r 1  rr rr        	.word	BSS+8
000183r 1  8E           	.byte	$8E
000184r 1  rr rr        	.word	BSS+9
000186r 1  20           	.byte	$20
000187r 1  rr rr        	.word	_a2_mouse_drv+35
000189r 1  AC           	.byte	$AC
00018Ar 1  rr rr        	.word	BSS+13
00018Cr 1  B9           	.byte	$B9
00018Dr 1  F8           	.byte	$F8
00018Er 1  04           	.byte	$04
00018Fr 1  BE           	.byte	$BE
000190r 1  F8           	.byte	$F8
000191r 1  05           	.byte	$05
000192r 1  8D           	.byte	$8D
000193r 1  rr rr        	.word	BSS+10
000195r 1  8E           	.byte	$8E
000196r 1  rr rr        	.word	BSS+11
000198r 1  20           	.byte	$20
000199r 1  rr rr        	.word	_a2_mouse_drv+38
00019Br 1  AD           	.byte	$AD
00019Cr 1  rr rr        	.word	BSS+14
00019Er 1  F0           	.byte	$F0
00019Fr 1  03           	.byte	$03
0001A0r 1  20           	.byte	$20
0001A1r 1  rr rr        	.word	_a2_mouse_drv+32
0001A3r 1  38           	.byte	$38
0001A4r 1  60           	.byte	$60
0001A5r 1  05           	.byte	$05
0001A6r 1  07           	.byte	$07
0001A7r 1  0B           	.byte	$0B
0001A8r 1  0C           	.byte	$0C
0001A9r 1  38           	.byte	$38
0001AAr 1  18           	.byte	$18
0001ABr 1  01           	.byte	$01
0001ACr 1  20           	.byte	$20
0001ADr 1  00           	.byte	$00
0001AEr 1  00           	.byte	$00
0001AFr 1  00           	.byte	$00
0001B0r 1  00           	.byte	$00
0001B1r 1  17           	.byte	$17
0001B2r 1  01           	.byte	$01
0001B3r 1  BF           	.byte	$BF
0001B4r 1  00           	.byte	$00
0001B5r 1               
0001B5r 1               ;
0001B5r 1               ; DATA SEGMENT
0001B5r 1               ;
0001B5r 1               .segment	"DATA"
000000r 1               DATA:
000000r 1  BC           	.byte	$BC
000001r 1  00           	.byte	$00
000002r 1  FF           	.byte	$FF
000003r 1  8C           	.byte	$8C
000004r 1  rr rr        	.word	DATA+11
000006r 1  A2           	.byte	$A2
000007r 1  FF           	.byte	$FF
000008r 1  A0           	.byte	$A0
000009r 1  FF           	.byte	$FF
00000Ar 1  4C           	.byte	$4C
00000Br 1  FF           	.byte	$FF
00000Cr 1  FF           	.byte	$FF
00000Dr 1               
00000Dr 1               ;
00000Dr 1               ; BSS SEGMENT
00000Dr 1               ;
00000Dr 1               .segment	"BSS"
000000r 1               BSS:
000000r 1  xx xx xx xx  	.res	15
000004r 1  xx xx xx xx  
000008r 1  xx xx xx xx  
00000Fr 1               
00000Fr 1               ;
00000Fr 1               ; ZEROPAGE SEGMENT
00000Fr 1               ;
00000Fr 1               .import	__ZP_START__		; Linker generated symbol
00000Fr 1               ZEROPAGE = __ZP_START__
00000Fr 1               
00000Fr 1               .end
